libvlc_/build/intermediates/manifest_merge_blame_file/debug/manifest-merger-blame-debug-report.txt
1<?xml version="1.0" encoding="utf-8"?>
2<manifest xmlns:android="http://schemas.android.com/apk/res/android"
3    package="org.videolan"
4    android:versionCode="20190702"
5    android:versionName="3.1.7" >
6
7    <uses-sdk
8        android:minSdkVersion="22"
8-->VlcVr\libvlc_\AndroidManifest.xml
9        android:targetSdkVersion="29" />
9-->VlcVr\libvlc_\AndroidManifest.xml
10
11</manifest>